2021-11-22 19:14:18,511:INFO:PyCaret Supervised Module
2021-11-22 19:14:18,511:INFO:ML Usecase: anomaly
2021-11-22 19:14:18,511:INFO:version 2.3.5
2021-11-22 19:14:18,511:INFO:Initializing setup()
2021-11-22 19:14:18,511:INFO:setup(target=None, ml_usecase=anomaly, available_plots={'tsne': 'Anomaly TSnE (3d)', 'umap': 'UMAP Dimensionality'}, train_size=0.7, test_data=None, preprocess=True, imputation_type=simple, iterative_imputation_iters=5, categorical_features=None, categorical_imputation=mode, categorical_iterative_imputer=lightgbm, ordinal_features=None, high_cardinality_features=None, high_cardinality_method=frequency, numeric_features=None, numeric_imputation=mean, numeric_iterative_imputer=lightgbm, date_features=None, ignore_features=['DEPT_NAME', 'MERCHANT', 'TRANS_DT'], normalize=False, normalize_method=zscore, transformation=False, transformation_method=yeo-johnson, handle_unknown_categorical=True, unknown_categorical_method=least_frequent, pca=False, pca_method=linear, pca_components=None, ignore_low_variance=False, combine_rare_levels=False, rare_level_threshold=0.1, bin_numeric_features=None, remove_outliers=False, outliers_threshold=0.05, remove_multicollinearity=False, multicollinearity_threshold=0.9, remove_perfect_collinearity=False, create_clusters=False, cluster_iter=20, polynomial_features=False, polynomial_degree=2, trigonometry_features=False, polynomial_threshold=0.1, group_features=None, group_names=None, feature_selection=False, feature_selection_threshold=0.8, feature_selection_method=classic, feature_interaction=False, feature_ratio=False, interaction_threshold=0.01, fix_imbalance=False, fix_imbalance_method=None, transform_target=False, transform_target_method=box-cox, data_split_shuffle=False, data_split_stratify=False, fold_strategy=kfold, fold=10, fold_shuffle=False, fold_groups=None, n_jobs=-1, use_gpu=False, custom_pipeline=None, html=True, session_id=None, log_experiment=False, experiment_name=None, log_plots=False, log_profile=False, log_data=False, silent=False, verbose=True, profile=False, profile_kwargs=None, display=None)
2021-11-22 19:14:18,512:INFO:Checking environment
2021-11-22 19:14:18,512:INFO:python_version: 3.8.12
2021-11-22 19:14:18,512:INFO:python_build: ('default', 'Oct 12 2021 03:01:40')
2021-11-22 19:14:18,512:INFO:machine: AMD64
2021-11-22 19:14:18,523:INFO:platform: Windows-10-10.0.19043-SP0
2021-11-22 19:14:18,524:WARNING:cannot find psutil installation. memory not traceable. Install psutil using pip to enable memory logging.
2021-11-22 19:14:18,524:INFO:Checking libraries
2021-11-22 19:14:18,524:INFO:pd==1.3.4
2021-11-22 19:14:18,524:INFO:numpy==1.19.5
2021-11-22 19:14:18,525:INFO:sklearn==0.23.2
2021-11-22 19:14:18,525:INFO:lightgbm==3.3.1
2021-11-22 19:14:18,525:WARNING:catboost not found
2021-11-22 19:14:18,526:WARNING:xgboost not found
2021-11-22 19:14:19,042:INFO:mlflow==1.21.0
2021-11-22 19:14:19,042:INFO:Checking Exceptions
2021-11-22 19:14:19,042:INFO:Declaring global variables
2021-11-22 19:14:19,042:INFO:USI: 37fd
2021-11-22 19:14:19,042:INFO:pycaret_globals: {'log_plots_param', 'seed', 'fold_param', 'transform_target_param', 'fold_generator', 'imputation_regressor', 'logging_param', '_all_models', '_all_metrics', '_internal_pipeline', 'fix_imbalance_method_param', 'html_param', 'n_jobs_param', 'master_model_container', 'USI', 'fold_groups_param_full', 'fold_shuffle_param', 'experiment__', '_gpu_n_jobs_param', 'iterative_imputation_iters_param', 'imputation_classifier', 'stratify_param', '_ml_usecase', '_available_plots', 'target_param', 'exp_name_log', '_all_models_internal', 'prep_pipe', 'create_model_container', 'pycaret_globals', 'fix_imbalance_param', 'X', 'fold_groups_param', 'display_container', 'gpu_param', 'transform_target_method_param', 'data_before_preprocess'}
2021-11-22 19:14:19,043:INFO:Preparing display monitor
2021-11-22 19:14:19,043:INFO:Preparing display monitor
2021-11-22 19:14:19,065:INFO:Importing libraries
2021-11-22 19:14:19,065:INFO:Copying data for preprocessing
2021-11-22 19:14:19,070:INFO:Declaring preprocessing parameters
2021-11-22 19:14:19,075:INFO:Creating preprocessing pipeline
2021-11-22 19:14:19,098:INFO:Preprocessing pipeline created successfully
2021-11-22 19:14:19,098:ERROR:(Process Exit): setup has been interupted with user command 'quit'. setup must rerun.
2021-11-22 19:14:19,098:INFO:Creating global containers
2021-11-22 19:14:19,100:INFO:Internal pipeline: Pipeline(memory=None, steps=[('empty_step', 'passthrough')], verbose=False)
2021-11-22 19:16:37,071:INFO:Creating grid variables
2021-11-22 19:16:37,078:INFO:create_model_container: 0
2021-11-22 19:16:37,078:INFO:master_model_container: 0
2021-11-22 19:16:37,078:INFO:display_container: 1
2021-11-22 19:16:37,084:INFO:Pipeline(memory=None,
         steps=[('dtypes',
                 DataTypes_Auto_infer(categorical_features=[],
                                      display_types=True,
                                      features_todrop=['DEPT_NAME', 'MERCHANT',
                                                       'TRANS_DT'],
                                      id_columns=[], ml_usecase='regression',
                                      numerical_features=[],
                                      target='UNSUPERVISED_DUMMY_TARGET',
                                      time_features=[])),
                ('imputer',
                 Simple_Imputer(categorical_strategy='most frequent',
                                fill_value_categoric...
                ('scaling', 'passthrough'), ('P_transform', 'passthrough'),
                ('binn', 'passthrough'), ('rem_outliers', 'passthrough'),
                ('cluster_all', 'passthrough'),
                ('dummy', Dummify(target='UNSUPERVISED_DUMMY_TARGET')),
                ('fix_perfect', 'passthrough'),
                ('clean_names', Clean_Colum_Names()),
                ('feature_select', 'passthrough'), ('fix_multi', 'passthrough'),
                ('dfs', 'passthrough'), ('pca', 'passthrough')],
         verbose=False)
2021-11-22 19:16:37,084:INFO:setup() succesfully completed......................................
2021-11-22 19:16:37,169:INFO:Initializing create_model()
2021-11-22 19:16:37,169:INFO:create_model(estimator=knn, num_clusters=4, fraction=0.05, ground_truth=None, round=4, fit_kwargs=None, verbose=True, system=True, add_to_model_list=True, raise_num_clusters=False, display=None, kwargs={})
2021-11-22 19:16:37,169:INFO:Checking exceptions
2021-11-22 19:16:37,169:INFO:Preparing display monitor
2021-11-22 19:16:37,180:INFO:Importing libraries
2021-11-22 19:16:37,194:INFO:Importing untrained model
2021-11-22 19:16:37,208:INFO:K-Nearest Neighbors Detector Imported succesfully
2021-11-22 19:16:37,222:INFO:Fitting Model
2021-11-22 19:16:39,409:INFO:KNN(algorithm='auto', contamination=0.05, leaf_size=30, method='largest',
  metric='minkowski', metric_params=None, n_jobs=-1, n_neighbors=5, p=2,
  radius=1.0)
2021-11-22 19:16:39,409:INFO:create_models() succesfully completed......................................
2021-11-22 19:16:39,409:INFO:Uploading results into container
2021-11-22 19:16:39,410:INFO:Uploading model into container now
2021-11-22 19:16:39,410:INFO:create_model_container: 1
2021-11-22 19:16:39,410:INFO:master_model_container: 1
2021-11-22 19:16:39,410:INFO:display_container: 2
2021-11-22 19:16:39,410:INFO:KNN(algorithm='auto', contamination=0.05, leaf_size=30, method='largest',
  metric='minkowski', metric_params=None, n_jobs=-1, n_neighbors=5, p=2,
  radius=1.0)
2021-11-22 19:16:39,410:INFO:create_model() succesfully completed......................................
2021-11-22 19:16:39,517:INFO:Initializing save_model()
2021-11-22 19:16:39,519:INFO:save_model(model=KNN(algorithm='auto', contamination=0.05, leaf_size=30, method='largest',
  metric='minkowski', metric_params=None, n_jobs=-1, n_neighbors=5, p=2,
  radius=1.0), model_name=C:\Users\matti\OneDrive\MyProjects\Projects\P6 Anomaly Detection, prep_pipe_=Pipeline(memory=None,
         steps=[('dtypes',
                 DataTypes_Auto_infer(categorical_features=[],
                                      display_types=True,
                                      features_todrop=['DEPT_NAME', 'MERCHANT',
                                                       'TRANS_DT'],
                                      id_columns=[], ml_usecase='regression',
                                      numerical_features=[],
                                      target='UNSUPERVISED_DUMMY_TARGET',
                                      time_features=[])),
                ('imputer',
                 Simple_Imputer(categorical_strategy='most frequent',
                                fill_value_categoric...
                ('scaling', 'passthrough'), ('P_transform', 'passthrough'),
                ('binn', 'passthrough'), ('rem_outliers', 'passthrough'),
                ('cluster_all', 'passthrough'),
                ('dummy', Dummify(target='UNSUPERVISED_DUMMY_TARGET')),
                ('fix_perfect', 'passthrough'),
                ('clean_names', Clean_Colum_Names()),
                ('feature_select', 'passthrough'), ('fix_multi', 'passthrough'),
                ('dfs', 'passthrough'), ('pca', 'passthrough')],
         verbose=False), verbose=True, kwargs={})
2021-11-22 19:16:39,519:INFO:Adding model into prep_pipe
2021-11-22 19:16:39,555:INFO:C:\Users\matti\OneDrive\MyProjects\Projects\P6 Anomaly Detection.pkl saved in current working directory
2021-11-22 19:16:39,563:INFO:Pipeline(memory=None,
         steps=[('dtypes',
                 DataTypes_Auto_infer(categorical_features=[],
                                      display_types=True,
                                      features_todrop=['DEPT_NAME', 'MERCHANT',
                                                       'TRANS_DT'],
                                      id_columns=[], ml_usecase='regression',
                                      numerical_features=[],
                                      target='UNSUPERVISED_DUMMY_TARGET',
                                      time_features=[])),
                ('imputer',
                 Simple_Imputer(categorical_strategy='most frequent',
                                fill_value_categoric...
                ('fix_perfect', 'passthrough'),
                ('clean_names', Clean_Colum_Names()),
                ('feature_select', 'passthrough'), ('fix_multi', 'passthrough'),
                ('dfs', 'passthrough'), ('pca', 'passthrough'),
                ['trained_model',
                 KNN(algorithm='auto', contamination=0.05, leaf_size=30, method='largest',
  metric='minkowski', metric_params=None, n_jobs=-1, n_neighbors=5, p=2,
  radius=1.0)]],
         verbose=False)
2021-11-22 19:16:39,563:INFO:save_model() successfully completed......................................
2021-11-22 19:17:46,297:INFO:PyCaret Supervised Module
2021-11-22 19:17:46,298:INFO:ML Usecase: anomaly
2021-11-22 19:17:46,298:INFO:version 2.3.5
2021-11-22 19:17:46,298:INFO:Initializing setup()
2021-11-22 19:17:46,298:INFO:setup(target=None, ml_usecase=anomaly, available_plots={'tsne': 'Anomaly TSnE (3d)', 'umap': 'UMAP Dimensionality'}, train_size=0.7, test_data=None, preprocess=True, imputation_type=simple, iterative_imputation_iters=5, categorical_features=None, categorical_imputation=mode, categorical_iterative_imputer=lightgbm, ordinal_features=None, high_cardinality_features=None, high_cardinality_method=frequency, numeric_features=None, numeric_imputation=mean, numeric_iterative_imputer=lightgbm, date_features=None, ignore_features=['DEPT_NAME', 'MERCHANT', 'TRANS_DT'], normalize=False, normalize_method=zscore, transformation=False, transformation_method=yeo-johnson, handle_unknown_categorical=True, unknown_categorical_method=least_frequent, pca=False, pca_method=linear, pca_components=None, ignore_low_variance=False, combine_rare_levels=False, rare_level_threshold=0.1, bin_numeric_features=None, remove_outliers=False, outliers_threshold=0.05, remove_multicollinearity=False, multicollinearity_threshold=0.9, remove_perfect_collinearity=False, create_clusters=False, cluster_iter=20, polynomial_features=False, polynomial_degree=2, trigonometry_features=False, polynomial_threshold=0.1, group_features=None, group_names=None, feature_selection=False, feature_selection_threshold=0.8, feature_selection_method=classic, feature_interaction=False, feature_ratio=False, interaction_threshold=0.01, fix_imbalance=False, fix_imbalance_method=None, transform_target=False, transform_target_method=box-cox, data_split_shuffle=False, data_split_stratify=False, fold_strategy=kfold, fold=10, fold_shuffle=False, fold_groups=None, n_jobs=-1, use_gpu=False, custom_pipeline=None, html=True, session_id=None, log_experiment=False, experiment_name=None, log_plots=False, log_profile=False, log_data=False, silent=False, verbose=True, profile=False, profile_kwargs=None, display=None)
2021-11-22 19:17:46,299:INFO:Checking environment
2021-11-22 19:17:46,299:INFO:python_version: 3.8.12
2021-11-22 19:17:46,299:INFO:python_build: ('default', 'Oct 12 2021 03:01:40')
2021-11-22 19:17:46,299:INFO:machine: AMD64
2021-11-22 19:17:46,311:INFO:platform: Windows-10-10.0.19043-SP0
2021-11-22 19:17:46,312:WARNING:cannot find psutil installation. memory not traceable. Install psutil using pip to enable memory logging.
2021-11-22 19:17:46,312:INFO:Checking libraries
2021-11-22 19:17:46,312:INFO:pd==1.3.4
2021-11-22 19:17:46,313:INFO:numpy==1.19.5
2021-11-22 19:17:46,313:INFO:sklearn==0.23.2
2021-11-22 19:17:46,313:INFO:lightgbm==3.3.1
2021-11-22 19:17:46,314:WARNING:catboost not found
2021-11-22 19:17:46,315:WARNING:xgboost not found
2021-11-22 19:17:46,851:INFO:mlflow==1.21.0
2021-11-22 19:17:46,852:INFO:Checking Exceptions
2021-11-22 19:17:46,852:INFO:Declaring global variables
2021-11-22 19:17:46,852:INFO:USI: 95de
2021-11-22 19:17:46,852:INFO:pycaret_globals: {'fix_imbalance_param', 'display_container', 'imputation_classifier', 'fold_param', 'exp_name_log', 'html_param', '_gpu_n_jobs_param', 'n_jobs_param', 'logging_param', 'gpu_param', '_all_models_internal', 'create_model_container', 'seed', 'master_model_container', '_all_metrics', '_all_models', 'fold_groups_param_full', 'log_plots_param', 'fold_groups_param', 'iterative_imputation_iters_param', 'USI', 'imputation_regressor', '_ml_usecase', 'pycaret_globals', 'transform_target_param', 'transform_target_method_param', '_available_plots', 'stratify_param', 'fold_shuffle_param', 'target_param', 'fold_generator', 'prep_pipe', 'experiment__', 'data_before_preprocess', '_internal_pipeline', 'X', 'fix_imbalance_method_param'}
2021-11-22 19:17:46,852:INFO:Preparing display monitor
2021-11-22 19:17:46,852:INFO:Preparing display monitor
2021-11-22 19:17:46,863:INFO:Importing libraries
2021-11-22 19:17:46,863:INFO:Copying data for preprocessing
2021-11-22 19:17:46,869:INFO:Declaring preprocessing parameters
2021-11-22 19:17:46,877:INFO:Creating preprocessing pipeline
2021-11-22 19:17:46,899:INFO:Preprocessing pipeline created successfully
2021-11-22 19:17:46,899:ERROR:(Process Exit): setup has been interupted with user command 'quit'. setup must rerun.
2021-11-22 19:17:46,899:INFO:Creating global containers
2021-11-22 19:17:46,900:INFO:Internal pipeline: Pipeline(memory=None, steps=[('empty_step', 'passthrough')], verbose=False)
2021-11-22 19:19:13,017:INFO:Creating grid variables
2021-11-22 19:19:13,024:INFO:create_model_container: 0
2021-11-22 19:19:13,025:INFO:master_model_container: 0
2021-11-22 19:19:13,025:INFO:display_container: 1
2021-11-22 19:19:13,030:INFO:Pipeline(memory=None,
         steps=[('dtypes',
                 DataTypes_Auto_infer(categorical_features=[],
                                      display_types=True,
                                      features_todrop=['DEPT_NAME', 'MERCHANT',
                                                       'TRANS_DT'],
                                      id_columns=[], ml_usecase='regression',
                                      numerical_features=[],
                                      target='UNSUPERVISED_DUMMY_TARGET',
                                      time_features=[])),
                ('imputer',
                 Simple_Imputer(categorical_strategy='most frequent',
                                fill_value_categoric...
                ('scaling', 'passthrough'), ('P_transform', 'passthrough'),
                ('binn', 'passthrough'), ('rem_outliers', 'passthrough'),
                ('cluster_all', 'passthrough'),
                ('dummy', Dummify(target='UNSUPERVISED_DUMMY_TARGET')),
                ('fix_perfect', 'passthrough'),
                ('clean_names', Clean_Colum_Names()),
                ('feature_select', 'passthrough'), ('fix_multi', 'passthrough'),
                ('dfs', 'passthrough'), ('pca', 'passthrough')],
         verbose=False)
2021-11-22 19:19:13,031:INFO:setup() succesfully completed......................................
2021-11-22 19:19:13,115:INFO:Initializing create_model()
2021-11-22 19:19:13,115:INFO:create_model(estimator=knn, num_clusters=4, fraction=0.05, ground_truth=None, round=4, fit_kwargs=None, verbose=True, system=True, add_to_model_list=True, raise_num_clusters=False, display=None, kwargs={})
2021-11-22 19:19:13,115:INFO:Checking exceptions
2021-11-22 19:19:13,115:INFO:Preparing display monitor
2021-11-22 19:19:13,126:INFO:Importing libraries
2021-11-22 19:19:13,136:INFO:Importing untrained model
2021-11-22 19:19:13,149:INFO:K-Nearest Neighbors Detector Imported succesfully
2021-11-22 19:19:13,161:INFO:Fitting Model
2021-11-22 19:19:15,232:INFO:KNN(algorithm='auto', contamination=0.05, leaf_size=30, method='largest',
  metric='minkowski', metric_params=None, n_jobs=-1, n_neighbors=5, p=2,
  radius=1.0)
2021-11-22 19:19:15,233:INFO:create_models() succesfully completed......................................
2021-11-22 19:19:15,233:INFO:Uploading results into container
2021-11-22 19:19:15,233:INFO:Uploading model into container now
2021-11-22 19:19:15,234:INFO:create_model_container: 1
2021-11-22 19:19:15,234:INFO:master_model_container: 1
2021-11-22 19:19:15,234:INFO:display_container: 2
2021-11-22 19:19:15,234:INFO:KNN(algorithm='auto', contamination=0.05, leaf_size=30, method='largest',
  metric='minkowski', metric_params=None, n_jobs=-1, n_neighbors=5, p=2,
  radius=1.0)
2021-11-22 19:19:15,234:INFO:create_model() succesfully completed......................................
2021-11-22 19:19:15,316:INFO:Initializing save_model()
2021-11-22 19:19:15,316:INFO:save_model(model=KNN(algorithm='auto', contamination=0.05, leaf_size=30, method='largest',
  metric='minkowski', metric_params=None, n_jobs=-1, n_neighbors=5, p=2,
  radius=1.0), model_name=C:\Users\matti\OneDrive\MyProjects\Projects\P_Anomaly_Detection, prep_pipe_=Pipeline(memory=None,
         steps=[('dtypes',
                 DataTypes_Auto_infer(categorical_features=[],
                                      display_types=True,
                                      features_todrop=['DEPT_NAME', 'MERCHANT',
                                                       'TRANS_DT'],
                                      id_columns=[], ml_usecase='regression',
                                      numerical_features=[],
                                      target='UNSUPERVISED_DUMMY_TARGET',
                                      time_features=[])),
                ('imputer',
                 Simple_Imputer(categorical_strategy='most frequent',
                                fill_value_categoric...
                ('scaling', 'passthrough'), ('P_transform', 'passthrough'),
                ('binn', 'passthrough'), ('rem_outliers', 'passthrough'),
                ('cluster_all', 'passthrough'),
                ('dummy', Dummify(target='UNSUPERVISED_DUMMY_TARGET')),
                ('fix_perfect', 'passthrough'),
                ('clean_names', Clean_Colum_Names()),
                ('feature_select', 'passthrough'), ('fix_multi', 'passthrough'),
                ('dfs', 'passthrough'), ('pca', 'passthrough')],
         verbose=False), verbose=True, kwargs={})
2021-11-22 19:19:15,316:INFO:Adding model into prep_pipe
2021-11-22 19:19:15,354:INFO:C:\Users\matti\OneDrive\MyProjects\Projects\P_Anomaly_Detection.pkl saved in current working directory
2021-11-22 19:19:15,361:INFO:Pipeline(memory=None,
         steps=[('dtypes',
                 DataTypes_Auto_infer(categorical_features=[],
                                      display_types=True,
                                      features_todrop=['DEPT_NAME', 'MERCHANT',
                                                       'TRANS_DT'],
                                      id_columns=[], ml_usecase='regression',
                                      numerical_features=[],
                                      target='UNSUPERVISED_DUMMY_TARGET',
                                      time_features=[])),
                ('imputer',
                 Simple_Imputer(categorical_strategy='most frequent',
                                fill_value_categoric...
                ('fix_perfect', 'passthrough'),
                ('clean_names', Clean_Colum_Names()),
                ('feature_select', 'passthrough'), ('fix_multi', 'passthrough'),
                ('dfs', 'passthrough'), ('pca', 'passthrough'),
                ['trained_model',
                 KNN(algorithm='auto', contamination=0.05, leaf_size=30, method='largest',
  metric='minkowski', metric_params=None, n_jobs=-1, n_neighbors=5, p=2,
  radius=1.0)]],
         verbose=False)
2021-11-22 19:19:15,361:INFO:save_model() successfully completed......................................
2021-11-22 19:20:12,633:INFO:PyCaret Supervised Module
2021-11-22 19:20:12,634:INFO:ML Usecase: anomaly
2021-11-22 19:20:12,634:INFO:version 2.3.5
2021-11-22 19:20:12,634:INFO:Initializing setup()
2021-11-22 19:20:12,634:INFO:setup(target=None, ml_usecase=anomaly, available_plots={'tsne': 'Anomaly TSnE (3d)', 'umap': 'UMAP Dimensionality'}, train_size=0.7, test_data=None, preprocess=True, imputation_type=simple, iterative_imputation_iters=5, categorical_features=None, categorical_imputation=mode, categorical_iterative_imputer=lightgbm, ordinal_features=None, high_cardinality_features=None, high_cardinality_method=frequency, numeric_features=None, numeric_imputation=mean, numeric_iterative_imputer=lightgbm, date_features=None, ignore_features=['DEPT_NAME', 'MERCHANT', 'TRANS_DT'], normalize=False, normalize_method=zscore, transformation=False, transformation_method=yeo-johnson, handle_unknown_categorical=True, unknown_categorical_method=least_frequent, pca=False, pca_method=linear, pca_components=None, ignore_low_variance=False, combine_rare_levels=False, rare_level_threshold=0.1, bin_numeric_features=None, remove_outliers=False, outliers_threshold=0.05, remove_multicollinearity=False, multicollinearity_threshold=0.9, remove_perfect_collinearity=False, create_clusters=False, cluster_iter=20, polynomial_features=False, polynomial_degree=2, trigonometry_features=False, polynomial_threshold=0.1, group_features=None, group_names=None, feature_selection=False, feature_selection_threshold=0.8, feature_selection_method=classic, feature_interaction=False, feature_ratio=False, interaction_threshold=0.01, fix_imbalance=False, fix_imbalance_method=None, transform_target=False, transform_target_method=box-cox, data_split_shuffle=False, data_split_stratify=False, fold_strategy=kfold, fold=10, fold_shuffle=False, fold_groups=None, n_jobs=-1, use_gpu=False, custom_pipeline=None, html=True, session_id=None, log_experiment=False, experiment_name=None, log_plots=False, log_profile=False, log_data=False, silent=False, verbose=True, profile=False, profile_kwargs=None, display=None)
2021-11-22 19:20:12,634:INFO:Checking environment
2021-11-22 19:20:12,635:INFO:python_version: 3.8.12
2021-11-22 19:20:12,635:INFO:python_build: ('default', 'Oct 12 2021 03:01:40')
2021-11-22 19:20:12,635:INFO:machine: AMD64
2021-11-22 19:20:12,646:INFO:platform: Windows-10-10.0.19043-SP0
2021-11-22 19:20:12,647:WARNING:cannot find psutil installation. memory not traceable. Install psutil using pip to enable memory logging.
2021-11-22 19:20:12,647:INFO:Checking libraries
2021-11-22 19:20:12,647:INFO:pd==1.3.4
2021-11-22 19:20:12,648:INFO:numpy==1.19.5
2021-11-22 19:20:12,648:INFO:sklearn==0.23.2
2021-11-22 19:20:12,648:INFO:lightgbm==3.3.1
2021-11-22 19:20:12,649:WARNING:catboost not found
2021-11-22 19:20:12,650:WARNING:xgboost not found
2021-11-22 19:20:13,151:INFO:mlflow==1.21.0
2021-11-22 19:20:13,152:INFO:Checking Exceptions
2021-11-22 19:20:13,152:INFO:Declaring global variables
2021-11-22 19:20:13,152:INFO:USI: c674
2021-11-22 19:20:13,152:INFO:pycaret_globals: {'_all_models_internal', '_gpu_n_jobs_param', 'fold_groups_param', 'gpu_param', 'display_container', '_internal_pipeline', 'USI', '_all_models', 'fix_imbalance_param', 'n_jobs_param', 'iterative_imputation_iters_param', 'target_param', 'fix_imbalance_method_param', 'pycaret_globals', 'fold_generator', 'master_model_container', 'experiment__', '_ml_usecase', 'fold_param', 'X', 'transform_target_method_param', '_all_metrics', 'fold_groups_param_full', 'stratify_param', 'data_before_preprocess', 'prep_pipe', 'imputation_classifier', 'transform_target_param', 'create_model_container', 'fold_shuffle_param', 'imputation_regressor', 'log_plots_param', 'html_param', 'logging_param', '_available_plots', 'seed', 'exp_name_log'}
2021-11-22 19:20:13,152:INFO:Preparing display monitor
2021-11-22 19:20:13,152:INFO:Preparing display monitor
2021-11-22 19:20:13,161:INFO:Importing libraries
2021-11-22 19:20:13,162:INFO:Copying data for preprocessing
2021-11-22 19:20:13,167:INFO:Declaring preprocessing parameters
2021-11-22 19:20:13,171:INFO:Creating preprocessing pipeline
2021-11-22 19:20:13,196:INFO:Preprocessing pipeline created successfully
2021-11-22 19:20:13,196:ERROR:(Process Exit): setup has been interupted with user command 'quit'. setup must rerun.
2021-11-22 19:20:13,196:INFO:Creating global containers
2021-11-22 19:20:13,198:INFO:Internal pipeline: Pipeline(memory=None, steps=[('empty_step', 'passthrough')], verbose=False)
2021-11-22 19:22:02,141:INFO:Creating grid variables
2021-11-22 19:22:02,147:INFO:create_model_container: 0
2021-11-22 19:22:02,147:INFO:master_model_container: 0
2021-11-22 19:22:02,147:INFO:display_container: 1
2021-11-22 19:22:02,153:INFO:Pipeline(memory=None,
         steps=[('dtypes',
                 DataTypes_Auto_infer(categorical_features=[],
                                      display_types=True,
                                      features_todrop=['DEPT_NAME', 'MERCHANT',
                                                       'TRANS_DT'],
                                      id_columns=[], ml_usecase='regression',
                                      numerical_features=[],
                                      target='UNSUPERVISED_DUMMY_TARGET',
                                      time_features=[])),
                ('imputer',
                 Simple_Imputer(categorical_strategy='most frequent',
                                fill_value_categoric...
                ('scaling', 'passthrough'), ('P_transform', 'passthrough'),
                ('binn', 'passthrough'), ('rem_outliers', 'passthrough'),
                ('cluster_all', 'passthrough'),
                ('dummy', Dummify(target='UNSUPERVISED_DUMMY_TARGET')),
                ('fix_perfect', 'passthrough'),
                ('clean_names', Clean_Colum_Names()),
                ('feature_select', 'passthrough'), ('fix_multi', 'passthrough'),
                ('dfs', 'passthrough'), ('pca', 'passthrough')],
         verbose=False)
2021-11-22 19:22:02,153:INFO:setup() succesfully completed......................................
2021-11-22 19:22:02,237:INFO:Initializing create_model()
2021-11-22 19:22:02,238:INFO:create_model(estimator=knn, num_clusters=4, fraction=0.05, ground_truth=None, round=4, fit_kwargs=None, verbose=True, system=True, add_to_model_list=True, raise_num_clusters=False, display=None, kwargs={})
2021-11-22 19:22:02,238:INFO:Checking exceptions
2021-11-22 19:22:02,238:INFO:Preparing display monitor
2021-11-22 19:22:02,250:INFO:Importing libraries
2021-11-22 19:22:02,264:INFO:Importing untrained model
2021-11-22 19:22:02,277:INFO:K-Nearest Neighbors Detector Imported succesfully
2021-11-22 19:22:02,291:INFO:Fitting Model
2021-11-22 19:22:04,297:INFO:KNN(algorithm='auto', contamination=0.05, leaf_size=30, method='largest',
  metric='minkowski', metric_params=None, n_jobs=-1, n_neighbors=5, p=2,
  radius=1.0)
2021-11-22 19:22:04,297:INFO:create_models() succesfully completed......................................
2021-11-22 19:22:04,297:INFO:Uploading results into container
2021-11-22 19:22:04,297:INFO:Uploading model into container now
2021-11-22 19:22:04,298:INFO:create_model_container: 1
2021-11-22 19:22:04,298:INFO:master_model_container: 1
2021-11-22 19:22:04,298:INFO:display_container: 2
2021-11-22 19:22:04,298:INFO:KNN(algorithm='auto', contamination=0.05, leaf_size=30, method='largest',
  metric='minkowski', metric_params=None, n_jobs=-1, n_neighbors=5, p=2,
  radius=1.0)
2021-11-22 19:22:04,298:INFO:create_model() succesfully completed......................................
2021-11-22 19:22:04,381:INFO:Initializing save_model()
2021-11-22 19:22:04,381:INFO:save_model(model=KNN(algorithm='auto', contamination=0.05, leaf_size=30, method='largest',
  metric='minkowski', metric_params=None, n_jobs=-1, n_neighbors=5, p=2,
  radius=1.0), model_name=C:\Users\matti\OneDrive\MyProjects\Projects\P6 Anomaly Detection\P_Anomaly_Detection, prep_pipe_=Pipeline(memory=None,
         steps=[('dtypes',
                 DataTypes_Auto_infer(categorical_features=[],
                                      display_types=True,
                                      features_todrop=['DEPT_NAME', 'MERCHANT',
                                                       'TRANS_DT'],
                                      id_columns=[], ml_usecase='regression',
                                      numerical_features=[],
                                      target='UNSUPERVISED_DUMMY_TARGET',
                                      time_features=[])),
                ('imputer',
                 Simple_Imputer(categorical_strategy='most frequent',
                                fill_value_categoric...
                ('scaling', 'passthrough'), ('P_transform', 'passthrough'),
                ('binn', 'passthrough'), ('rem_outliers', 'passthrough'),
                ('cluster_all', 'passthrough'),
                ('dummy', Dummify(target='UNSUPERVISED_DUMMY_TARGET')),
                ('fix_perfect', 'passthrough'),
                ('clean_names', Clean_Colum_Names()),
                ('feature_select', 'passthrough'), ('fix_multi', 'passthrough'),
                ('dfs', 'passthrough'), ('pca', 'passthrough')],
         verbose=False), verbose=True, kwargs={})
2021-11-22 19:22:04,381:INFO:Adding model into prep_pipe
2021-11-22 19:22:04,418:INFO:C:\Users\matti\OneDrive\MyProjects\Projects\P6 Anomaly Detection\P_Anomaly_Detection.pkl saved in current working directory
2021-11-22 19:22:04,427:INFO:Pipeline(memory=None,
         steps=[('dtypes',
                 DataTypes_Auto_infer(categorical_features=[],
                                      display_types=True,
                                      features_todrop=['DEPT_NAME', 'MERCHANT',
                                                       'TRANS_DT'],
                                      id_columns=[], ml_usecase='regression',
                                      numerical_features=[],
                                      target='UNSUPERVISED_DUMMY_TARGET',
                                      time_features=[])),
                ('imputer',
                 Simple_Imputer(categorical_strategy='most frequent',
                                fill_value_categoric...
                ('fix_perfect', 'passthrough'),
                ('clean_names', Clean_Colum_Names()),
                ('feature_select', 'passthrough'), ('fix_multi', 'passthrough'),
                ('dfs', 'passthrough'), ('pca', 'passthrough'),
                ['trained_model',
                 KNN(algorithm='auto', contamination=0.05, leaf_size=30, method='largest',
  metric='minkowski', metric_params=None, n_jobs=-1, n_neighbors=5, p=2,
  radius=1.0)]],
         verbose=False)
2021-11-22 19:22:04,427:INFO:save_model() successfully completed......................................
